2012-03-15 22:30:42 Error: [MissingActionException] Action FlickersController::index() could not be found.
#0 /home/ayumi/work/www/jobs/Pollenizer/flickerTest/lib/Cake/Routing/Dispatcher.php(104): Controller->invokeAction(Object(CakeRequest))
#1 /home/ayumi/work/www/jobs/Pollenizer/flickerTest/lib/Cake/Routing/Dispatcher.php(86): Dispatcher->_invoke(Object(FlickersController), Object(CakeRequest), Object(CakeResponse))
#2 /home/ayumi/work/www/jobs/Pollenizer/flickerTest/app/webroot/index.php(96): Dispatcher->dispatch(Object(CakeRequest), Object(CakeResponse))
#3 {main}
2012-03-15 22:30:56 Error: [MissingViewException] View file "/home/ayumi/work/www/jobs/Pollenizer/flickerTest/app/View/Flickers/index.ctp" is missing.
#0 /home/ayumi/work/www/jobs/Pollenizer/flickerTest/lib/Cake/View/View.php(360): View->_getViewFileName(NULL)
#1 /home/ayumi/work/www/jobs/Pollenizer/flickerTest/lib/Cake/Controller/Controller.php(900): View->render(NULL, NULL)
#2 /home/ayumi/work/www/jobs/Pollenizer/flickerTest/lib/Cake/Routing/Dispatcher.php(111): Controller->render()
#3 /home/ayumi/work/www/jobs/Pollenizer/flickerTest/lib/Cake/Routing/Dispatcher.php(86): Dispatcher->_invoke(Object(FlickersController), Object(CakeRequest), Object(CakeResponse))
#4 /home/ayumi/work/www/jobs/Pollenizer/flickerTest/app/webroot/index.php(96): Dispatcher->dispatch(Object(CakeRequest), Object(CakeResponse))
#5 {main}
2012-03-15 22:41:00 Error: [MissingComponentException] Component class ToolbarComponent could not be found.
#0 /home/ayumi/work/www/jobs/Pollenizer/flickerTest/lib/Cake/Controller/ComponentCollection.php(51): ComponentCollection->load('DebugKit.Toolba...', Array)
#1 /home/ayumi/work/www/jobs/Pollenizer/flickerTest/lib/Cake/Controller/Controller.php(585): ComponentCollection->init(Object(FlickersController))
#2 /home/ayumi/work/www/jobs/Pollenizer/flickerTest/lib/Cake/Routing/Dispatcher.php(100): Controller->constructClasses()
#3 /home/ayumi/work/www/jobs/Pollenizer/flickerTest/lib/Cake/Routing/Dispatcher.php(86): Dispatcher->_invoke(Object(FlickersController), Object(CakeRequest), Object(CakeResponse))
#4 /home/ayumi/work/www/jobs/Pollenizer/flickerTest/app/webroot/index.php(96): Dispatcher->dispatch(Object(CakeRequest), Object(CakeResponse))
#5 {main}
2012-03-15 22:41:14 Error: [MissingComponentException] Component class ToolbarComponent could not be found.
#0 /home/ayumi/work/www/jobs/Pollenizer/flickerTest/lib/Cake/Controller/ComponentCollection.php(51): ComponentCollection->load('DebugKit.Toolba...', Array)
#1 /home/ayumi/work/www/jobs/Pollenizer/flickerTest/lib/Cake/Controller/Controller.php(585): ComponentCollection->init(Object(FlickersController))
#2 /home/ayumi/work/www/jobs/Pollenizer/flickerTest/lib/Cake/Routing/Dispatcher.php(100): Controller->constructClasses()
#3 /home/ayumi/work/www/jobs/Pollenizer/flickerTest/lib/Cake/Routing/Dispatcher.php(86): Dispatcher->_invoke(Object(FlickersController), Object(CakeRequest), Object(CakeResponse))
#4 /home/ayumi/work/www/jobs/Pollenizer/flickerTest/app/webroot/index.php(96): Dispatcher->dispatch(Object(CakeRequest), Object(CakeResponse))
#5 {main}
2012-03-15 22:55:51 Error: [MissingPluginException] Plugin Apis could not be found.
#0 /home/ayumi/work/www/jobs/Pollenizer/flickerTest/lib/Cake/Core/App.php(332): CakePlugin::path('Apis')
#1 /home/ayumi/work/www/jobs/Pollenizer/flickerTest/lib/Cake/Core/App.php(217): App::pluginPath('Apis')
#2 /home/ayumi/work/www/jobs/Pollenizer/flickerTest/lib/Cake/Core/App.php(510): App::path('Model/Datasourc...', 'Apis')
#3 [internal function]: App::load('Apis')
#4 [internal function]: spl_autoload_call('Apis')
#5 /home/ayumi/work/www/jobs/Pollenizer/flickerTest/lib/Cake/Model/ConnectionManager.php(173): class_exists('Apis')
#6 /home/ayumi/work/www/jobs/Pollenizer/flickerTest/lib/Cake/Model/ConnectionManager.php(97): ConnectionManager::loadDataSource('codaset')
#7 /home/ayumi/work/www/jobs/Pollenizer/flickerTest/lib/Cake/Model/Model.php(3241): ConnectionManager::getDataSource('codaset')
#8 /home/ayumi/work/www/jobs/Pollenizer/flickerTest/lib/Cake/Model/Model.php(1030): Model->setDataSource('codaset')
#9 /home/ayumi/work/www/jobs/Pollenizer/flickerTest/lib/Cake/Model/Model.php(3265): Model->setSource('flickrs')
#10 /home/ayumi/work/www/jobs/Pollenizer/flickerTest/lib/Cake/Model/Model.php(2483): Model->getDataSource()
#11 /home/ayumi/work/www/jobs/Pollenizer/flickerTest/app/Controller/FlickersController.php(14): Model->find('all', Array)
#12 [internal function]: FlickersController->index('home')
#13 /home/ayumi/work/www/jobs/Pollenizer/flickerTest/lib/Cake/Controller/Controller.php(473): ReflectionMethod->invokeArgs(Object(FlickersController), Array)
#14 /home/ayumi/work/www/jobs/Pollenizer/flickerTest/lib/Cake/Routing/Dispatcher.php(104): Controller->invokeAction(Object(CakeRequest))
#15 /home/ayumi/work/www/jobs/Pollenizer/flickerTest/lib/Cake/Routing/Dispatcher.php(86): Dispatcher->_invoke(Object(FlickersController), Object(CakeRequest), Object(CakeResponse))
#16 /home/ayumi/work/www/jobs/Pollenizer/flickerTest/app/webroot/index.php(96): Dispatcher->dispatch(Object(CakeRequest), Object(CakeResponse))
#17 {main}
2012-03-15 22:56:12 Error: [MissingDatasourceException] Datasource class Apis could not be found.
#0 /home/ayumi/work/www/jobs/Pollenizer/flickerTest/lib/Cake/Model/ConnectionManager.php(97): ConnectionManager::loadDataSource('codaset')
#1 /home/ayumi/work/www/jobs/Pollenizer/flickerTest/lib/Cake/Model/Model.php(3241): ConnectionManager::getDataSource('codaset')
#2 /home/ayumi/work/www/jobs/Pollenizer/flickerTest/lib/Cake/Model/Model.php(1030): Model->setDataSource('codaset')
#3 /home/ayumi/work/www/jobs/Pollenizer/flickerTest/lib/Cake/Model/Model.php(3265): Model->setSource('flickrs')
#4 /home/ayumi/work/www/jobs/Pollenizer/flickerTest/lib/Cake/Model/Model.php(2483): Model->getDataSource()
#5 /home/ayumi/work/www/jobs/Pollenizer/flickerTest/app/Controller/FlickersController.php(14): Model->find('all', Array)
#6 [internal function]: FlickersController->index('home')
#7 /home/ayumi/work/www/jobs/Pollenizer/flickerTest/lib/Cake/Controller/Controller.php(473): ReflectionMethod->invokeArgs(Object(FlickersController), Array)
#8 /home/ayumi/work/www/jobs/Pollenizer/flickerTest/lib/Cake/Routing/Dispatcher.php(104): Controller->invokeAction(Object(CakeRequest))
#9 /home/ayumi/work/www/jobs/Pollenizer/flickerTest/lib/Cake/Routing/Dispatcher.php(86): Dispatcher->_invoke(Object(FlickersController), Object(CakeRequest), Object(CakeResponse))
#10 /home/ayumi/work/www/jobs/Pollenizer/flickerTest/app/webroot/index.php(96): Dispatcher->dispatch(Object(CakeRequest), Object(CakeResponse))
#11 {main}
2012-03-15 22:58:48 Error: [MissingDatasourceException] Datasource class Apis could not be found.
#0 /home/ayumi/work/www/jobs/Pollenizer/flickerTest/lib/Cake/Model/ConnectionManager.php(97): ConnectionManager::loadDataSource('codaset')
#1 /home/ayumi/work/www/jobs/Pollenizer/flickerTest/lib/Cake/Model/Model.php(3241): ConnectionManager::getDataSource('codaset')
#2 /home/ayumi/work/www/jobs/Pollenizer/flickerTest/lib/Cake/Model/Model.php(1030): Model->setDataSource('codaset')
#3 /home/ayumi/work/www/jobs/Pollenizer/flickerTest/lib/Cake/Model/Model.php(3265): Model->setSource('flickrs')
#4 /home/ayumi/work/www/jobs/Pollenizer/flickerTest/lib/Cake/Model/Model.php(2483): Model->getDataSource()
#5 /home/ayumi/work/www/jobs/Pollenizer/flickerTest/app/Controller/FlickersController.php(14): Model->find('all', Array)
#6 [internal function]: FlickersController->index('home')
#7 /home/ayumi/work/www/jobs/Pollenizer/flickerTest/lib/Cake/Controller/Controller.php(473): ReflectionMethod->invokeArgs(Object(FlickersController), Array)
#8 /home/ayumi/work/www/jobs/Pollenizer/flickerTest/lib/Cake/Routing/Dispatcher.php(104): Controller->invokeAction(Object(CakeRequest))
#9 /home/ayumi/work/www/jobs/Pollenizer/flickerTest/lib/Cake/Routing/Dispatcher.php(86): Dispatcher->_invoke(Object(FlickersController), Object(CakeRequest), Object(CakeResponse))
#10 /home/ayumi/work/www/jobs/Pollenizer/flickerTest/app/webroot/index.php(96): Dispatcher->dispatch(Object(CakeRequest), Object(CakeResponse))
#11 {main}
2012-03-15 23:07:27 Error: [MissingPluginException] Plugin Flickr could not be found.
#0 /home/ayumi/work/www/jobs/Pollenizer/flickerTest/lib/Cake/Core/App.php(332): CakePlugin::path('Flickr')
#1 /home/ayumi/work/www/jobs/Pollenizer/flickerTest/lib/Cake/Core/App.php(217): App::pluginPath('Flickr')
#2 /home/ayumi/work/www/jobs/Pollenizer/flickerTest/lib/Cake/Core/App.php(510): App::path('Controller/Comp...', 'Flickr')
#3 [internal function]: App::load('FlickrComponent')
#4 [internal function]: spl_autoload_call('FlickrComponent')
#5 /home/ayumi/work/www/jobs/Pollenizer/flickerTest/lib/Cake/Controller/ComponentCollection.php(98): class_exists('FlickrComponent')
#6 /home/ayumi/work/www/jobs/Pollenizer/flickerTest/lib/Cake/Controller/ComponentCollection.php(51): ComponentCollection->load('Flickr.Flickr', Array)
#7 /home/ayumi/work/www/jobs/Pollenizer/flickerTest/lib/Cake/Controller/Controller.php(585): ComponentCollection->init(Object(FlickersController))
#8 /home/ayumi/work/www/jobs/Pollenizer/flickerTest/lib/Cake/Routing/Dispatcher.php(100): Controller->constructClasses()
#9 /home/ayumi/work/www/jobs/Pollenizer/flickerTest/lib/Cake/Routing/Dispatcher.php(86): Dispatcher->_invoke(Object(FlickersController), Object(CakeRequest), Object(CakeResponse))
#10 /home/ayumi/work/www/jobs/Pollenizer/flickerTest/app/webroot/index.php(96): Dispatcher->dispatch(Object(CakeRequest), Object(CakeResponse))
#11 {main}
2012-03-15 23:08:39 Error: [MissingPluginException] Plugin Flickr could not be found.
#0 /home/ayumi/work/www/jobs/Pollenizer/flickerTest/lib/Cake/Core/App.php(332): CakePlugin::path('Flickr')
#1 /home/ayumi/work/www/jobs/Pollenizer/flickerTest/lib/Cake/Core/App.php(217): App::pluginPath('Flickr')
#2 /home/ayumi/work/www/jobs/Pollenizer/flickerTest/lib/Cake/Core/App.php(510): App::path('Controller/Comp...', 'Flickr')
#3 [internal function]: App::load('FlickrComponent')
#4 [internal function]: spl_autoload_call('FlickrComponent')
#5 /home/ayumi/work/www/jobs/Pollenizer/flickerTest/lib/Cake/Controller/ComponentCollection.php(98): class_exists('FlickrComponent')
#6 /home/ayumi/work/www/jobs/Pollenizer/flickerTest/lib/Cake/Controller/ComponentCollection.php(51): ComponentCollection->load('Flickr.Flickr', Array)
#7 /home/ayumi/work/www/jobs/Pollenizer/flickerTest/lib/Cake/Controller/Controller.php(585): ComponentCollection->init(Object(FlickersController))
#8 /home/ayumi/work/www/jobs/Pollenizer/flickerTest/lib/Cake/Routing/Dispatcher.php(100): Controller->constructClasses()
#9 /home/ayumi/work/www/jobs/Pollenizer/flickerTest/lib/Cake/Routing/Dispatcher.php(86): Dispatcher->_invoke(Object(FlickersController), Object(CakeRequest), Object(CakeResponse))
#10 /home/ayumi/work/www/jobs/Pollenizer/flickerTest/app/webroot/index.php(96): Dispatcher->dispatch(Object(CakeRequest), Object(CakeResponse))
#11 {main}
2012-03-15 23:10:02 Error: [MissingComponentException] Component class FlickrComponent could not be found.
#0 /home/ayumi/work/www/jobs/Pollenizer/flickerTest/lib/Cake/Controller/ComponentCollection.php(51): ComponentCollection->load('Flickr.Flickr', Array)
#1 /home/ayumi/work/www/jobs/Pollenizer/flickerTest/lib/Cake/Controller/Controller.php(585): ComponentCollection->init(Object(FlickersController))
#2 /home/ayumi/work/www/jobs/Pollenizer/flickerTest/lib/Cake/Routing/Dispatcher.php(100): Controller->constructClasses()
#3 /home/ayumi/work/www/jobs/Pollenizer/flickerTest/lib/Cake/Routing/Dispatcher.php(86): Dispatcher->_invoke(Object(FlickersController), Object(CakeRequest), Object(CakeResponse))
#4 /home/ayumi/work/www/jobs/Pollenizer/flickerTest/app/webroot/index.php(96): Dispatcher->dispatch(Object(CakeRequest), Object(CakeResponse))
#5 {main}
2012-03-15 23:10:48 Error: [MissingComponentException] Component class FlickrComponent could not be found.
#0 /home/ayumi/work/www/jobs/Pollenizer/flickerTest/lib/Cake/Controller/ComponentCollection.php(51): ComponentCollection->load('Flickr.Flickr', Array)
#1 /home/ayumi/work/www/jobs/Pollenizer/flickerTest/lib/Cake/Controller/Controller.php(585): ComponentCollection->init(Object(FlickersController))
#2 /home/ayumi/work/www/jobs/Pollenizer/flickerTest/lib/Cake/Routing/Dispatcher.php(100): Controller->constructClasses()
#3 /home/ayumi/work/www/jobs/Pollenizer/flickerTest/lib/Cake/Routing/Dispatcher.php(86): Dispatcher->_invoke(Object(FlickersController), Object(CakeRequest), Object(CakeResponse))
#4 /home/ayumi/work/www/jobs/Pollenizer/flickerTest/app/webroot/index.php(96): Dispatcher->dispatch(Object(CakeRequest), Object(CakeResponse))
#5 {main}
2012-03-15 23:11:31 Error: [MissingComponentException] Component class FlickrComponent could not be found.
#0 /home/ayumi/work/www/jobs/Pollenizer/flickerTest/lib/Cake/Controller/ComponentCollection.php(51): ComponentCollection->load('Flickr.Flickr', Array)
#1 /home/ayumi/work/www/jobs/Pollenizer/flickerTest/lib/Cake/Controller/Controller.php(585): ComponentCollection->init(Object(FlickersController))
#2 /home/ayumi/work/www/jobs/Pollenizer/flickerTest/lib/Cake/Routing/Dispatcher.php(100): Controller->constructClasses()
#3 /home/ayumi/work/www/jobs/Pollenizer/flickerTest/lib/Cake/Routing/Dispatcher.php(86): Dispatcher->_invoke(Object(FlickersController), Object(CakeRequest), Object(CakeResponse))
#4 /home/ayumi/work/www/jobs/Pollenizer/flickerTest/app/webroot/index.php(96): Dispatcher->dispatch(Object(CakeRequest), Object(CakeResponse))
#5 {main}
2012-03-15 23:11:49 Error: [MissingComponentException] Component class FlickrComponent could not be found.
#0 /home/ayumi/work/www/jobs/Pollenizer/flickerTest/lib/Cake/Controller/ComponentCollection.php(51): ComponentCollection->load('Flickr.Flickr', Array)
#1 /home/ayumi/work/www/jobs/Pollenizer/flickerTest/lib/Cake/Controller/Controller.php(585): ComponentCollection->init(Object(FlickersController))
#2 /home/ayumi/work/www/jobs/Pollenizer/flickerTest/lib/Cake/Routing/Dispatcher.php(100): Controller->constructClasses()
#3 /home/ayumi/work/www/jobs/Pollenizer/flickerTest/lib/Cake/Routing/Dispatcher.php(86): Dispatcher->_invoke(Object(FlickersController), Object(CakeRequest), Object(CakeResponse))
#4 /home/ayumi/work/www/jobs/Pollenizer/flickerTest/app/webroot/index.php(96): Dispatcher->dispatch(Object(CakeRequest), Object(CakeResponse))
#5 {main}
2012-03-15 23:13:52 Error: [MissingComponentException] Component class FlickrComponent could not be found.
#0 /home/ayumi/work/www/jobs/Pollenizer/flickerTest/lib/Cake/Controller/ComponentCollection.php(51): ComponentCollection->load('Flickr.Flickr', Array)
#1 /home/ayumi/work/www/jobs/Pollenizer/flickerTest/lib/Cake/Controller/Controller.php(585): ComponentCollection->init(Object(FlickersController))
#2 /home/ayumi/work/www/jobs/Pollenizer/flickerTest/lib/Cake/Routing/Dispatcher.php(100): Controller->constructClasses()
#3 /home/ayumi/work/www/jobs/Pollenizer/flickerTest/lib/Cake/Routing/Dispatcher.php(86): Dispatcher->_invoke(Object(FlickersController), Object(CakeRequest), Object(CakeResponse))
#4 /home/ayumi/work/www/jobs/Pollenizer/flickerTest/app/webroot/index.php(96): Dispatcher->dispatch(Object(CakeRequest), Object(CakeResponse))
#5 {main}
2012-03-15 23:14:23 Error: [MissingComponentException] Component class FlickrComponent could not be found.
#0 /home/ayumi/work/www/jobs/Pollenizer/flickerTest/lib/Cake/Controller/ComponentCollection.php(51): ComponentCollection->load('Flickr.Flickr', Array)
#1 /home/ayumi/work/www/jobs/Pollenizer/flickerTest/lib/Cake/Controller/Controller.php(585): ComponentCollection->init(Object(FlickersController))
#2 /home/ayumi/work/www/jobs/Pollenizer/flickerTest/lib/Cake/Routing/Dispatcher.php(100): Controller->constructClasses()
#3 /home/ayumi/work/www/jobs/Pollenizer/flickerTest/lib/Cake/Routing/Dispatcher.php(86): Dispatcher->_invoke(Object(FlickersController), Object(CakeRequest), Object(CakeResponse))
#4 /home/ayumi/work/www/jobs/Pollenizer/flickerTest/app/webroot/index.php(96): Dispatcher->dispatch(Object(CakeRequest), Object(CakeResponse))
#5 {main}
2012-03-15 23:14:26 Error: [MissingComponentException] Component class FlickrComponent could not be found.
#0 /home/ayumi/work/www/jobs/Pollenizer/flickerTest/lib/Cake/Controller/ComponentCollection.php(51): ComponentCollection->load('Flickr.Flickr', Array)
#1 /home/ayumi/work/www/jobs/Pollenizer/flickerTest/lib/Cake/Controller/Controller.php(585): ComponentCollection->init(Object(FlickersController))
#2 /home/ayumi/work/www/jobs/Pollenizer/flickerTest/lib/Cake/Routing/Dispatcher.php(100): Controller->constructClasses()
#3 /home/ayumi/work/www/jobs/Pollenizer/flickerTest/lib/Cake/Routing/Dispatcher.php(86): Dispatcher->_invoke(Object(FlickersController), Object(CakeRequest), Object(CakeResponse))
#4 /home/ayumi/work/www/jobs/Pollenizer/flickerTest/app/webroot/index.php(96): Dispatcher->dispatch(Object(CakeRequest), Object(CakeResponse))
#5 {main}
